#0 building with "desktop-linux" instance using docker driver

#1 [internal] load build definition from Dockerfile.base
#1 transferring dockerfile: 750B 0.0s done
#1 DONE 0.0s

#2 [internal] load metadata for docker.io/library/r-base:4.4.1
#2 ...

#3 [auth] library/r-base:pull token for registry-1.docker.io
#3 DONE 0.0s

#2 [internal] load metadata for docker.io/library/r-base:4.4.1
#2 DONE 3.3s

#4 [internal] load .dockerignore
#4 transferring context: 2B done
#4 DONE 0.0s

#5 [1/5] FROM docker.io/library/r-base:4.4.1@sha256:e7032f2f6fd273ee944a717b436bc66d1a89b1b90a9bbcaafcf1318d68a7d8b2
#5 resolve docker.io/library/r-base:4.4.1@sha256:e7032f2f6fd273ee944a717b436bc66d1a89b1b90a9bbcaafcf1318d68a7d8b2 0.0s done
#5 CACHED

#6 [internal] load build context
#6 transferring context: 32B done
#6 DONE 0.0s

#7 [2/5] RUN apt-get update && apt-get install -y     libcurl4-openssl-dev     libssl-dev     libxml2-dev     libsodium-dev     libfontconfig1-dev     libfreetype6-dev     build-essential     pkg-config  && rm -rf /var/lib/apt/lists/*
#7 0.931 Get:2 http://deb.debian.org/debian testing InRelease [175 kB]
#7 1.303 Get:3 http://deb.debian.org/debian testing-updates InRelease [49.6 kB]
#7 1.658 Get:4 http://deb.debian.org/debian-security testing-security InRelease [48.0 kB]
#7 1.974 Get:1 http://deb.debian.org/debian sid InRelease [205 kB]
#7 2.172 Get:5 http://deb.debian.org/debian testing/main amd64 Packages [9,532 kB]
#7 14.92 Get:6 http://deb.debian.org/debian sid/main amd64 Packages [10.1 MB]
#7 31.08 Fetched 20.1 MB in 31s (660 kB/s)
#7 31.08 Reading package lists...
#7 32.30 Reading package lists...
#7 33.58 Building dependency tree...
#7 33.85 Reading state information...
#7 34.21 build-essential is already the newest version (12.12).
#7 34.21 build-essential set to manually installed.
#7 34.21 The following package was automatically installed and is no longer required:
#7 34.21   libldap-2.5-0
#7 34.21 Use 'apt autoremove' to remove it.
#7 34.21 The following additional packages will be installed:
#7 34.21   bsdutils comerr-dev e2fsprogs fontconfig fontconfig-config krb5-multidev
#7 34.21   libblkid1 libbrotli-dev libbrotli1 libcom-err2 libcurl4t64 libevent-2.1-7t64
#7 34.21   libexpat1 libexpat1-dev libext2fs2t64 libfontconfig-dev libfontconfig1
#7 34.21   libgmp-dev libgmp10 libgmpxx4ldbl libgnutls-dane0t64 libgnutls-openssl27t64
#7 34.21   libgnutls28-dev libgnutls30t64 libgssapi-krb5-2 libgssrpc4t64 libhogweed6t64
#7 34.21   libidn2-0 libidn2-dev libk5crypto3 libkadm5clnt-mit12 libkadm5srv-mit12
#7 34.21   libkdb5-10t64 libkrb5-3 libkrb5-dev libkrb5support0 libldap-dev libldap2
#7 34.21   libmount1 libnettle8t64 libnghttp2-14 libnghttp2-dev libnghttp3-9
#7 34.21   libnghttp3-dev libp11-kit-dev libp11-kit0 libpkgconf3 libpsl-dev libpsl5t64
#7 34.21   librtmp-dev librtmp1 libsmartcols1 libsodium23 libss2 libssh2-1-dev
#7 34.21   libssh2-1t64 libssl3t64 libtasn1-6 libtasn1-6-dev libunbound8 libuuid1
#7 34.21   libxml2 libzstd-dev libzstd1 login logsave mount nettle-dev openssl
#7 34.21   openssl-provider-legacy pkgconf pkgconf-bin util-linux uuid-dev
#7 34.22 Suggested packages:
#7 34.22   doc-base krb5-doc libcurl4-doc libidn-dev freetype2-doc gmp-doc libgmp10-doc
#7 34.22   libmpfr-dev dns-root-data gnutls-bin gnutls-doc krb5-user libnghttp2-doc
#7 34.22   p11-kit-doc libssl-doc
#7 34.22 Recommended packages:
#7 34.22   libldap-common libtasn1-doc
#7 35.32 The following NEW packages will be installed:
#7 35.32   comerr-dev krb5-multidev libbrotli-dev libcurl4-openssl-dev
#7 35.32   libevent-2.1-7t64 libexpat1-dev libfontconfig-dev libfontconfig1-dev
#7 35.32   libfreetype-dev libgmp-dev libgmpxx4ldbl libgnutls-dane0t64
#7 35.32   libgnutls-openssl27t64 libgnutls28-dev libgssrpc4t64 libidn2-dev
#7 35.32   libkadm5clnt-mit12 libkadm5srv-mit12 libkdb5-10t64 libkrb5-dev libldap-dev
#7 35.32   libldap2 libnghttp2-dev libnghttp3-9 libnghttp3-dev libp11-kit-dev
#7 35.32   libpsl-dev librtmp-dev libsodium-dev libsodium23 libssh2-1-dev libssl-dev
#7 35.32   libtasn1-6-dev libunbound8 libxml2 libxml2-dev libzstd-dev nettle-dev
#7 35.32   pkg-config uuid-dev
#7 35.32 The following packages will be upgraded:
#7 35.32   bsdutils e2fsprogs fontconfig fontconfig-config libblkid1 libbrotli1
#7 35.32   libcom-err2 libcurl4t64 libexpat1 libext2fs2t64 libfontconfig1 libgmp10
#7 35.32   libgnutls30t64 libgssapi-krb5-2 libhogweed6t64 libidn2-0 libk5crypto3
#7 35.32   libkrb5-3 libkrb5support0 libmount1 libnettle8t64 libnghttp2-14 libp11-kit0
#7 35.33   libpkgconf3 libpsl5t64 librtmp1 libsmartcols1 libss2 libssh2-1t64 libssl3t64
#7 35.33   libtasn1-6 libuuid1 libzstd1 login logsave mount openssl
#7 35.33   openssl-provider-legacy pkgconf pkgconf-bin util-linux
#7 35.52 41 upgraded, 40 newly installed, 0 to remove and 198 not upgraded.
#7 35.52 Need to get 28.5 MB of archives.
#7 35.52 After this operation, 53.1 MB of additional disk space will be used.
#7 35.52 Get:1 http://deb.debian.org/debian sid/main amd64 bsdutils amd64 1:2.40.4-5 [106 kB]
#7 35.57 Get:2 http://deb.debian.org/debian sid/main amd64 libuuid1 amd64 2.40.4-5 [36.5 kB]
#7 35.58 Get:3 http://deb.debian.org/debian sid/main amd64 libblkid1 amd64 2.40.4-5 [169 kB]
#7 35.64 Get:4 http://deb.debian.org/debian sid/main amd64 libmount1 amd64 2.40.4-5 [200 kB]
#7 35.70 Get:5 http://deb.debian.org/debian sid/main amd64 libsmartcols1 amd64 2.40.4-5 [140 kB]
#7 35.76 Get:6 http://deb.debian.org/debian sid/main amd64 util-linux amd64 2.40.4-5 [1,205 kB]
#7 36.02 Get:7 http://deb.debian.org/debian sid/main amd64 mount amd64 2.40.4-5 [156 kB]
#7 36.05 Get:8 http://deb.debian.org/debian sid/main amd64 login amd64 1:4.16.0-2+really2.40.4-5 [88.7 kB]
#7 36.06 Get:9 http://deb.debian.org/debian sid/main amd64 logsave amd64 1.47.2-1 [23.9 kB]
#7 36.06 Get:10 http://deb.debian.org/debian sid/main amd64 libext2fs2t64 amd64 1.47.2-1 [212 kB]
#7 36.09 Get:11 http://deb.debian.org/debian sid/main amd64 e2fsprogs amd64 1.47.2-1 [590 kB]
#7 36.16 Get:12 http://deb.debian.org/debian sid/main amd64 libgmp10 amd64 2:6.3.0+dfsg-3 [560 kB]
#7 36.24 Get:13 http://deb.debian.org/debian sid/main amd64 libnettle8t64 amd64 3.10.1-1 [305 kB]
#7 36.29 Get:14 http://deb.debian.org/debian sid/main amd64 libhogweed6t64 amd64 3.10.1-1 [335 kB]
#7 36.35 Get:15 http://deb.debian.org/debian sid/main amd64 libidn2-0 amd64 2.3.7-2+b1 [129 kB]
#7 36.37 Get:16 http://deb.debian.org/debian sid/main amd64 libp11-kit0 amd64 0.25.5-3 [425 kB]
#7 36.45 Get:17 http://deb.debian.org/debian sid/main amd64 libtasn1-6 amd64 4.20.0-2 [49.9 kB]
#7 36.48 Get:18 http://deb.debian.org/debian sid/main amd64 libgnutls30t64 amd64 3.8.9-2 [1,464 kB]
#7 37.29 Get:19 http://deb.debian.org/debian sid/main amd64 openssl-provider-legacy amd64 3.4.1-1 [302 kB]
#7 37.46 Get:20 http://deb.debian.org/debian sid/main amd64 libzstd1 amd64 1.5.6+dfsg-2 [300 kB]
#7 37.58 Get:21 http://deb.debian.org/debian sid/main amd64 libssl3t64 amd64 3.4.1-1 [2,304 kB]
#7 40.36 Get:22 http://deb.debian.org/debian sid/main amd64 libcom-err2 amd64 1.47.2-1 [24.0 kB]
#7 40.41 Get:23 http://deb.debian.org/debian sid/main amd64 comerr-dev amd64 2.1-1.47.2-1 [55.7 kB]
#7 40.47 Get:24 http://deb.debian.org/debian sid/main amd64 fontconfig-config amd64 2.15.0-2 [317 kB]
#7 41.00 Get:25 http://deb.debian.org/debian sid/main amd64 libexpat1 amd64 2.6.4-1 [106 kB]
#7 41.29 Get:26 http://deb.debian.org/debian sid/main amd64 libfontconfig1 amd64 2.15.0-2 [391 kB]
#7 CANCELED
ERROR: failed to solve: Canceled: context canceled
