#0 building with "desktop-linux" instance using docker driver

#1 [internal] load build definition from Dockerfile.model
#1 transferring dockerfile: 768B done
#1 DONE 0.0s

#2 [internal] load metadata for docker.io/library/r-base-mlops:4.4.1
#2 DONE 0.0s

#3 [internal] load .dockerignore
#3 transferring context: 2B done
#3 DONE 0.0s

#4 [internal] load build context
#4 DONE 0.0s

#5 [1/7] FROM docker.io/library/r-base-mlops:4.4.1@sha256:93db6fadbfa23ab60e35e810d216cfe6f179be20285c313b2b4d6bc9ba88008b
#5 resolve docker.io/library/r-base-mlops:4.4.1@sha256:93db6fadbfa23ab60e35e810d216cfe6f179be20285c313b2b4d6bc9ba88008b
#5 ...

#6 [auth] library/r-base-mlops:pull token for registry-1.docker.io
#6 DONE 0.0s

#5 [1/7] FROM docker.io/library/r-base-mlops:4.4.1@sha256:93db6fadbfa23ab60e35e810d216cfe6f179be20285c313b2b4d6bc9ba88008b
#5 ...

#7 [auth] library/r-base-mlops:pull token for registry-1.docker.io
#7 DONE 0.0s

#5 [1/7] FROM docker.io/library/r-base-mlops:4.4.1@sha256:93db6fadbfa23ab60e35e810d216cfe6f179be20285c313b2b4d6bc9ba88008b
#5 resolve docker.io/library/r-base-mlops:4.4.1@sha256:93db6fadbfa23ab60e35e810d216cfe6f179be20285c313b2b4d6bc9ba88008b 2.4s done
#5 DONE 2.5s

#4 [internal] load build context
#4 transferring context: 81B done
#4 DONE 0.0s

#8 [4/7] RUN mkdir -p data
#8 CACHED

#9 [5/7] COPY ./R/train.R /app/train.R
#9 CACHED

#10 [6/7] COPY ./R/serve.R /app/serve.R
#10 CACHED

#11 [2/7] WORKDIR /app
#11 CACHED

#12 [3/7] RUN mkdir -p /app/logs/docker_logs /app/logs/R_logs /app/logs/aws_logs
#12 CACHED

#13 [7/7] RUN Rscript train.R
#13 CACHED

#14 exporting to image
#14 exporting layers done
#14 exporting manifest sha256:e057c8102ab1dee93fb7529678d4f121f34405fb32805cbda810a83a2f035acd done
#14 exporting config sha256:2a7ba26a435e3ab94e03bc7668262ea838ef634d5d690da431eceefb33c25047 done
#14 exporting attestation manifest sha256:ac7002dce8b92127a9a1f00553885a12ba57161bf10af5a5e4b280b8e4fb1b20 0.0s done
#14 exporting manifest list sha256:3a1745a9e1d408340807b9e5410073e02b512fc6b7a6729285ec532c7c36af85 0.0s done
#14 naming to docker.io/library/my-r-sagemaker-model:latest done
#14 unpacking to docker.io/library/my-r-sagemaker-model:latest
#14 unpacking to docker.io/library/my-r-sagemaker-model:latest 0.0s done
#14 pushing layers
#14 ...

#15 [auth] library/my-r-sagemaker-model:pull,push token for registry-1.docker.io
#15 DONE 0.0s

#14 exporting to image
#14 ...

#16 [auth] library/my-r-sagemaker-model:pull,push token for registry-1.docker.io
#16 DONE 0.0s

#14 exporting to image
#14 ...

#17 [auth] library/my-r-sagemaker-model:pull,push token for registry-1.docker.io
#17 DONE 0.0s

#14 exporting to image
#14 ...

#18 [auth] library/my-r-sagemaker-model:pull,push token for registry-1.docker.io
#18 DONE 0.0s

#19 [auth] library/my-r-sagemaker-model:pull,push token for registry-1.docker.io
#19 DONE 0.0s

#14 exporting to image
#14 ...

#20 [auth] library/my-r-sagemaker-model:pull,push token for registry-1.docker.io
#20 DONE 0.0s

#14 exporting to image
#14 pushing layers 2.8s done
#14 ERROR: failed to push docker.io/library/my-r-sagemaker-model:latest: push access denied, repository does not exist or may require authorization: server message: insufficient_scope: authorization failed
------
 > exporting to image:
------
ERROR: failed to solve: failed to push docker.io/library/my-r-sagemaker-model:latest: push access denied, repository does not exist or may require authorization: server message: insufficient_scope: authorization failed
