#0 building with "desktop-linux" instance using docker driver

#1 [internal] load build definition from Dockerfile.model
#1 transferring dockerfile: 768B 0.0s done
#1 DONE 0.0s

#2 [internal] load metadata for docker.io/library/r-base-mlops:4.4.1
#2 DONE 0.0s

#3 [internal] load .dockerignore
#3 transferring context: 2B done
#3 DONE 0.0s

#4 [internal] load build context
#4 DONE 0.0s

#5 [1/7] FROM docker.io/library/r-base-mlops:4.4.1@sha256:93db6fadbfa23ab60e35e810d216cfe6f179be20285c313b2b4d6bc9ba88008b
#5 resolve docker.io/library/r-base-mlops:4.4.1@sha256:93db6fadbfa23ab60e35e810d216cfe6f179be20285c313b2b4d6bc9ba88008b
#5 ...

#6 [auth] library/r-base-mlops:pull token for registry-1.docker.io
#6 DONE 0.0s

#5 [1/7] FROM docker.io/library/r-base-mlops:4.4.1@sha256:93db6fadbfa23ab60e35e810d216cfe6f179be20285c313b2b4d6bc9ba88008b
#5 ...

#7 [auth] library/r-base-mlops:pull token for registry-1.docker.io
#7 DONE 0.0s

#5 [1/7] FROM docker.io/library/r-base-mlops:4.4.1@sha256:93db6fadbfa23ab60e35e810d216cfe6f179be20285c313b2b4d6bc9ba88008b
#5 resolve docker.io/library/r-base-mlops:4.4.1@sha256:93db6fadbfa23ab60e35e810d216cfe6f179be20285c313b2b4d6bc9ba88008b 2.7s done
#5 DONE 2.7s

#8 [2/7] WORKDIR /app
#8 CACHED

#4 [internal] load build context
#4 transferring context: 1.24kB done
#4 DONE 0.0s

#9 [3/7] RUN mkdir -p /app/logs/docker_logs /app/logs/R_logs /app/logs/aws_logs
#9 DONE 0.6s

#10 [4/7] RUN mkdir -p data
#10 DONE 0.6s

#11 [5/7] COPY ./R/train.R /app/train.R
#11 DONE 0.0s

#12 [6/7] COPY ./R/serve.R /app/serve.R
#12 DONE 0.0s

#13 [7/7] RUN Rscript train.R
#13 0.862 randomForest 4.7-1.2
#13 0.862 Type rfNews() to see new features/changes/bug fixes.
#13 DONE 1.2s

#14 exporting to image
#14 exporting layers
#14 exporting layers 0.2s done
#14 exporting manifest sha256:e057c8102ab1dee93fb7529678d4f121f34405fb32805cbda810a83a2f035acd 0.0s done
#14 exporting config sha256:2a7ba26a435e3ab94e03bc7668262ea838ef634d5d690da431eceefb33c25047 0.0s done
#14 exporting attestation manifest sha256:80b49339ec5b0c4ec6c1be209235d057695eca8b334a973fe1942de46dd38818 0.0s done
#14 exporting manifest list sha256:077d7ac44e272dd9c55957231ea1c575c5c3115be177f040a2eba1066c8319f1 0.0s done
#14 naming to docker.io/library/my-r-sagemaker-model:latest done
#14 unpacking to docker.io/library/my-r-sagemaker-model:latest 0.1s done
#14 DONE 0.4s
