#0 building with "desktop-linux" instance using docker driver

#1 [internal] load build definition from Dockerfile.base
#1 transferring dockerfile: 750B 0.0s done
#1 DONE 0.0s

#2 [internal] load metadata for docker.io/library/r-base:4.4.1
#2 ...

#3 [auth] library/r-base:pull token for registry-1.docker.io
#3 DONE 0.0s

#2 [internal] load metadata for docker.io/library/r-base:4.4.1
#2 DONE 2.0s

#4 [internal] load .dockerignore
#4 transferring context: 2B done
#4 DONE 0.0s

#5 [1/5] FROM docker.io/library/r-base:4.4.1@sha256:e7032f2f6fd273ee944a717b436bc66d1a89b1b90a9bbcaafcf1318d68a7d8b2
#5 resolve docker.io/library/r-base:4.4.1@sha256:e7032f2f6fd273ee944a717b436bc66d1a89b1b90a9bbcaafcf1318d68a7d8b2 0.0s done
#5 CACHED

#6 [internal] load build context
#6 transferring context: 32B done
#6 DONE 0.0s

#7 [2/5] RUN apt-get update && apt-get install -y     libcurl4-openssl-dev     libssl-dev     libxml2-dev     libsodium-dev     libfontconfig1-dev     libfreetype6-dev     build-essential     pkg-config  && rm -rf /var/lib/apt/lists/*
#7 0.500 Get:2 http://deb.debian.org/debian testing InRelease [175 kB]
#7 0.837 Get:3 http://deb.debian.org/debian testing-updates InRelease [49.6 kB]
#7 1.139 Get:4 http://deb.debian.org/debian-security testing-security InRelease [48.0 kB]
#7 1.156 Get:1 http://deb.debian.org/debian sid InRelease [205 kB]
#7 1.188 Get:5 http://deb.debian.org/debian testing/main amd64 Packages [9,532 kB]
#7 1.718 Get:6 http://deb.debian.org/debian sid/main amd64 Packages [10.1 MB]
#7 5.127 Fetched 20.1 MB in 5s (4,280 kB/s)
#7 5.127 Reading package lists...
#7 CANCELED
ERROR: failed to solve: Canceled: context canceled
