#0 building with "desktop-linux" instance using docker driver

#1 [internal] load build definition from Dockerfile.model
#1 transferring dockerfile: 768B 0.0s done
#1 DONE 0.0s

#2 [internal] load metadata for docker.io/library/r-base-mlops:4.4.1
#2 ...

#3 [auth] library/r-base-mlops:pull token for registry-1.docker.io
#3 DONE 0.0s

#2 [internal] load metadata for docker.io/library/r-base-mlops:4.4.1
#2 ERROR: pull access denied, repository does not exist or may require authorization: server message: insufficient_scope: authorization failed
------
 > [internal] load metadata for docker.io/library/r-base-mlops:4.4.1:
------
Dockerfile.model:2
--------------------
   1 |     # Use the prebuilt base image that contains R 4.4.1 and all system dependencies & renv packages
   2 | >>> FROM r-base-mlops:4.4.1
   3 |     
   4 |     # Set the working directory
--------------------
ERROR: failed to solve: r-base-mlops:4.4.1: failed to resolve source metadata for docker.io/library/r-base-mlops:4.4.1: pull access denied, repository does not exist or may require authorization: server message: insufficient_scope: authorization failed
